<?xml version="1.0" encoding="UTF-8"?>
<!-- Generated by org.testng.reporters.JUnitXMLReporter -->
<testsuite ignored="0" hostname="LAPTOP-5COFNKBT" failures="0" tests="2" name="GroupTest" time="700.248" errors="0" timestamp="2024-09-13T12:16:32 IST">
  <testcase classname="com.nit.utils.BaseClass" name="@BeforeClass openBrowser" time="300.8">
    <failure type="org.openqa.selenium.SessionNotCreatedException" message="Could not start a new session. New session request timed out 
Host info: host: &amp;apos;0bc864f0c26a&amp;apos;, ip: &amp;apos;172.18.0.2&amp;apos;
Build info: version: &amp;apos;4.24.0&amp;apos;, revision: &amp;apos;748ffc9bc3&amp;apos;
System info: os.name: &amp;apos;Linux&amp;apos;, os.arch: &amp;apos;amd64&amp;apos;, os.version: &amp;apos;5.15.153.1-microsoft-standard-WSL2&amp;apos;, java.version: &amp;apos;17.0.12&amp;apos;
Driver info: driver.version: unknown
Build info: version: &amp;apos;3.9.1&amp;apos;, revision: &amp;apos;63f7b50&amp;apos;, time: &amp;apos;2018-02-07T22:25:02.294Z&amp;apos;
System info: host: &amp;apos;LAPTOP-5COFNKBT&amp;apos;, ip: &amp;apos;192.168.1.3&amp;apos;, os.name: &amp;apos;Windows 10&amp;apos;, os.arch: &amp;apos;amd64&amp;apos;, os.version: &amp;apos;10.0&amp;apos;, java.version: &amp;apos;17.0.3&amp;apos;
Driver info: driver.version: RemoteWebDriver
remote stacktrace: [{fileName=LocalNewSessionQueue.java, moduleVersion=null, nativeMethod=false, moduleName=null, methodName=addToQueue, className=org.openqa.selenium.grid.sessionqueue.local.LocalNewSessionQueue, lineNumber=221, classLoaderName=null}, {fileName=NewSessionQueue.java, moduleVersion=null, nativeMethod=false, moduleName=null, methodName=lambda$new$0, className=org.openqa.selenium.grid.sessionqueue.NewSessionQueue, lineNumber=68, classLoaderName=null}, {fileName=Route.java, moduleVersion=null, nativeMethod=false, moduleName=null, methodName=handle, className=org.openqa.selenium.remote.http.Route$TemplatizedRoute, lineNumber=192, classLoaderName=null}, {fileName=Route.java, moduleVersion=null, nativeMethod=false, moduleName=null, methodName=execute, className=org.openqa.selenium.remote.http.Route, lineNumber=69, classLoaderName=null}, {fileName=Route.java, moduleVersion=null, nativeMethod=false, moduleName=null, methodName=handle, className=org.openqa.selenium.remote.http.Route$CombinedRoute, lineNumber=360, classLoaderName=null}, {fileName=Route.java, moduleVersion=null, nativeMethod=false, moduleName=null, methodName=execute, className=org.openqa.selenium.remote.http.Route, lineNumber=69, classLoaderName=null}, {fileName=NewSessionQueue.java, moduleVersion=null, nativeMethod=false, moduleName=null, methodName=execute, className=org.openqa.selenium.grid.sessionqueue.NewSessionQueue, lineNumber=128, classLoaderName=null}, {fileName=SpanWrappedHttpHandler.java, moduleVersion=null, nativeMethod=false, moduleName=null, methodName=execute, className=org.openqa.selenium.remote.tracing.SpanWrappedHttpHandler, lineNumber=87, classLoaderName=null}, {fileName=Filter.java, moduleVersion=null, nativeMethod=false, moduleName=null, methodName=execute, className=org.openqa.selenium.remote.http.Filter$1, lineNumber=63, classLoaderName=null}, {fileName=Route.java, moduleVersion=null, nativeMethod=false, moduleName=null, methodName=handle, className=org.openqa.selenium.remote.http.Route$CombinedRoute, lineNumber=360, classLoaderName=null}, {fileName=Route.java, moduleVersion=null, nativeMethod=false, moduleName=null, methodName=execute, className=org.openqa.selenium.remote.http.Route, lineNumber=69, classLoaderName=null}, {fileName=Router.java, moduleVersion=null, nativeMethod=false, moduleName=null, methodName=execute, className=org.openqa.selenium.grid.router.Router, lineNumber=87, classLoaderName=null}, {fileName=EnsureSpecCompliantResponseHeaders.java, moduleVersion=null, nativeMethod=false, moduleName=null, methodName=lambda$apply$0, className=org.openqa.selenium.grid.web.EnsureSpecCompliantResponseHeaders, lineNumber=34, classLoaderName=null}, {fileName=Filter.java, moduleVersion=null, nativeMethod=false, moduleName=null, methodName=execute, className=org.openqa.selenium.remote.http.Filter$1, lineNumber=63, classLoaderName=null}, {fileName=Route.java, moduleVersion=null, nativeMethod=false, moduleName=null, methodName=handle, className=org.openqa.selenium.remote.http.Route$CombinedRoute, lineNumber=360, classLoaderName=null}, {fileName=Route.java, moduleVersion=null, nativeMethod=false, moduleName=null, methodName=execute, className=org.openqa.selenium.remote.http.Route, lineNumber=69, classLoaderName=null}, {fileName=Route.java, moduleVersion=null, nativeMethod=false, moduleName=null, methodName=handle, className=org.openqa.selenium.remote.http.Route$NestedRoute, lineNumber=270, classLoaderName=null}, {fileName=Route.java, moduleVersion=null, nativeMethod=false, moduleName=null, methodName=execute, className=org.openqa.selenium.remote.http.Route, lineNumber=69, classLoaderName=null}, {fileName=Route.java, moduleVersion=null, nativeMethod=false, moduleName=null, methodName=handle, className=org.openqa.selenium.remote.http.Route$CombinedRoute, lineNumber=360, classLoaderName=null}, {fileName=Route.java, moduleVersion=null, nativeMethod=false, moduleName=null, methodName=execute, className=org.openqa.selenium.remote.http.Route, lineNumber=69, classLoaderName=null}, {fileName=AddWebDriverSpecHeaders.java, moduleVersion=null, nativeMethod=false, moduleName=null, methodName=lambda$apply$0, className=org.openqa.selenium.remote.AddWebDriverSpecHeaders, lineNumber=35, classLoaderName=null}, {fileName=ErrorFilter.java, moduleVersion=null, nativeMethod=false, moduleName=null, methodName=lambda$apply$0, className=org.openqa.selenium.remote.ErrorFilter, lineNumber=44, classLoaderName=null}, {fileName=Filter.java, moduleVersion=null, nativeMethod=false, moduleName=null, methodName=execute, className=org.openqa.selenium.remote.http.Filter$1, lineNumber=63, classLoaderName=null}, {fileName=ErrorFilter.java, moduleVersion=null, nativeMethod=false, moduleName=null, methodName=lambda$apply$0, className=org.openqa.selenium.remote.ErrorFilter, lineNumber=44, classLoaderName=null}, {fileName=Filter.java, moduleVersion=null, nativeMethod=false, moduleName=null, methodName=execute, className=org.openqa.selenium.remote.http.Filter$1, lineNumber=63, classLoaderName=null}, {fileName=SeleniumHandler.java, moduleVersion=null, nativeMethod=false, moduleName=null, methodName=lambda$channelRead0$0, className=org.openqa.selenium.netty.server.SeleniumHandler, lineNumber=44, classLoaderName=null}, {fileName=Executors.java, moduleVersion=17.0.12, nativeMethod=false, moduleName=java.base, methodName=call, className=java.util.concurrent.Executors$RunnableAdapter, lineNumber=539, classLoaderName=null}, {fileName=FutureTask.java, moduleVersion=17.0.12, nativeMethod=false, moduleName=java.base, methodName=run, className=java.util.concurrent.FutureTask, lineNumber=264, classLoaderName=null}, {fileName=ThreadPoolExecutor.java, moduleVersion=17.0.12, nativeMethod=false, moduleName=java.base, methodName=runWorker, className=java.util.concurrent.ThreadPoolExecutor, lineNumber=1136, classLoaderName=null}, {fileName=ThreadPoolExecutor.java, moduleVersion=17.0.12, nativeMethod=false, moduleName=java.base, methodName=run, className=java.util.concurrent.ThreadPoolExecutor$Worker, lineNumber=635, classLoaderName=null}, {fileName=Thread.java, moduleVersion=17.0.12, nativeMethod=false, moduleName=java.base, methodName=run, className=java.lang.Thread, lineNumber=840, classLoaderName=null}]">
      <![CDATA[org.openqa.selenium.SessionNotCreatedException: Could not start a new session. New session request timed out 
Host info: host: '0bc864f0c26a', ip: '172.18.0.2'
Build info: version: '4.24.0', revision: '748ffc9bc3'
System info: os.name: 'Linux', os.arch: 'amd64', os.version: '5.15.153.1-microsoft-standard-WSL2', java.version: '17.0.12'
Driver info: driver.version: unknown
Build info: version: '3.9.1', revision: '63f7b50', time: '2018-02-07T22:25:02.294Z'
System info: host: 'LAPTOP-5COFNKBT', ip: '192.168.1.3', os.name: 'Windows 10', os.arch: 'amd64', os.version: '10.0', java.version: '17.0.3'
Driver info: driver.version: RemoteWebDriver
remote stacktrace: [{fileName=LocalNewSessionQueue.java, moduleVersion=null, nativeMethod=false, moduleName=null, methodName=addToQueue, className=org.openqa.selenium.grid.sessionqueue.local.LocalNewSessionQueue, lineNumber=221, classLoaderName=null}, {fileName=NewSessionQueue.java, moduleVersion=null, nativeMethod=false, moduleName=null, methodName=lambda$new$0, className=org.openqa.selenium.grid.sessionqueue.NewSessionQueue, lineNumber=68, classLoaderName=null}, {fileName=Route.java, moduleVersion=null, nativeMethod=false, moduleName=null, methodName=handle, className=org.openqa.selenium.remote.http.Route$TemplatizedRoute, lineNumber=192, classLoaderName=null}, {fileName=Route.java, moduleVersion=null, nativeMethod=false, moduleName=null, methodName=execute, className=org.openqa.selenium.remote.http.Route, lineNumber=69, classLoaderName=null}, {fileName=Route.java, moduleVersion=null, nativeMethod=false, moduleName=null, methodName=handle, className=org.openqa.selenium.remote.http.Route$CombinedRoute, lineNumber=360, classLoaderName=null}, {fileName=Route.java, moduleVersion=null, nativeMethod=false, moduleName=null, methodName=execute, className=org.openqa.selenium.remote.http.Route, lineNumber=69, classLoaderName=null}, {fileName=NewSessionQueue.java, moduleVersion=null, nativeMethod=false, moduleName=null, methodName=execute, className=org.openqa.selenium.grid.sessionqueue.NewSessionQueue, lineNumber=128, classLoaderName=null}, {fileName=SpanWrappedHttpHandler.java, moduleVersion=null, nativeMethod=false, moduleName=null, methodName=execute, className=org.openqa.selenium.remote.tracing.SpanWrappedHttpHandler, lineNumber=87, classLoaderName=null}, {fileName=Filter.java, moduleVersion=null, nativeMethod=false, moduleName=null, methodName=execute, className=org.openqa.selenium.remote.http.Filter$1, lineNumber=63, classLoaderName=null}, {fileName=Route.java, moduleVersion=null, nativeMethod=false, moduleName=null, methodName=handle, className=org.openqa.selenium.remote.http.Route$CombinedRoute, lineNumber=360, classLoaderName=null}, {fileName=Route.java, moduleVersion=null, nativeMethod=false, moduleName=null, methodName=execute, className=org.openqa.selenium.remote.http.Route, lineNumber=69, classLoaderName=null}, {fileName=Router.java, moduleVersion=null, nativeMethod=false, moduleName=null, methodName=execute, className=org.openqa.selenium.grid.router.Router, lineNumber=87, classLoaderName=null}, {fileName=EnsureSpecCompliantResponseHeaders.java, moduleVersion=null, nativeMethod=false, moduleName=null, methodName=lambda$apply$0, className=org.openqa.selenium.grid.web.EnsureSpecCompliantResponseHeaders, lineNumber=34, classLoaderName=null}, {fileName=Filter.java, moduleVersion=null, nativeMethod=false, moduleName=null, methodName=execute, className=org.openqa.selenium.remote.http.Filter$1, lineNumber=63, classLoaderName=null}, {fileName=Route.java, moduleVersion=null, nativeMethod=false, moduleName=null, methodName=handle, className=org.openqa.selenium.remote.http.Route$CombinedRoute, lineNumber=360, classLoaderName=null}, {fileName=Route.java, moduleVersion=null, nativeMethod=false, moduleName=null, methodName=execute, className=org.openqa.selenium.remote.http.Route, lineNumber=69, classLoaderName=null}, {fileName=Route.java, moduleVersion=null, nativeMethod=false, moduleName=null, methodName=handle, className=org.openqa.selenium.remote.http.Route$NestedRoute, lineNumber=270, classLoaderName=null}, {fileName=Route.java, moduleVersion=null, nativeMethod=false, moduleName=null, methodName=execute, className=org.openqa.selenium.remote.http.Route, lineNumber=69, classLoaderName=null}, {fileName=Route.java, moduleVersion=null, nativeMethod=false, moduleName=null, methodName=handle, className=org.openqa.selenium.remote.http.Route$CombinedRoute, lineNumber=360, classLoaderName=null}, {fileName=Route.java, moduleVersion=null, nativeMethod=false, moduleName=null, methodName=execute, className=org.openqa.selenium.remote.http.Route, lineNumber=69, classLoaderName=null}, {fileName=AddWebDriverSpecHeaders.java, moduleVersion=null, nativeMethod=false, moduleName=null, methodName=lambda$apply$0, className=org.openqa.selenium.remote.AddWebDriverSpecHeaders, lineNumber=35, classLoaderName=null}, {fileName=ErrorFilter.java, moduleVersion=null, nativeMethod=false, moduleName=null, methodName=lambda$apply$0, className=org.openqa.selenium.remote.ErrorFilter, lineNumber=44, classLoaderName=null}, {fileName=Filter.java, moduleVersion=null, nativeMethod=false, moduleName=null, methodName=execute, className=org.openqa.selenium.remote.http.Filter$1, lineNumber=63, classLoaderName=null}, {fileName=ErrorFilter.java, moduleVersion=null, nativeMethod=false, moduleName=null, methodName=lambda$apply$0, className=org.openqa.selenium.remote.ErrorFilter, lineNumber=44, classLoaderName=null}, {fileName=Filter.java, moduleVersion=null, nativeMethod=false, moduleName=null, methodName=execute, className=org.openqa.selenium.remote.http.Filter$1, lineNumber=63, classLoaderName=null}, {fileName=SeleniumHandler.java, moduleVersion=null, nativeMethod=false, moduleName=null, methodName=lambda$channelRead0$0, className=org.openqa.selenium.netty.server.SeleniumHandler, lineNumber=44, classLoaderName=null}, {fileName=Executors.java, moduleVersion=17.0.12, nativeMethod=false, moduleName=java.base, methodName=call, className=java.util.concurrent.Executors$RunnableAdapter, lineNumber=539, classLoaderName=null}, {fileName=FutureTask.java, moduleVersion=17.0.12, nativeMethod=false, moduleName=java.base, methodName=run, className=java.util.concurrent.FutureTask, lineNumber=264, classLoaderName=null}, {fileName=ThreadPoolExecutor.java, moduleVersion=17.0.12, nativeMethod=false, moduleName=java.base, methodName=runWorker, className=java.util.concurrent.ThreadPoolExecutor, lineNumber=1136, classLoaderName=null}, {fileName=ThreadPoolExecutor.java, moduleVersion=17.0.12, nativeMethod=false, moduleName=java.base, methodName=run, className=java.util.concurrent.ThreadPoolExecutor$Worker, lineNumber=635, classLoaderName=null}, {fileName=Thread.java, moduleVersion=17.0.12, nativeMethod=false, moduleName=java.base, methodName=run, className=java.lang.Thread, lineNumber=840, classLoaderName=null}]
at org.openqa.selenium.remote.W3CHandshakeResponse.lambda$new$0(W3CHandshakeResponse.java:57)
at org.openqa.selenium.remote.W3CHandshakeResponse.lambda$getResponseFunction$2(W3CHandshakeResponse.java:104)
at org.openqa.selenium.remote.ProtocolHandshake.lambda$createSession$0(ProtocolHandshake.java:123)
at java.base/java.util.stream.ReferencePipeline$3$1.accept(ReferencePipeline.java:197)
at java.base/java.util.Spliterators$ArraySpliterator.tryAdvance(Spliterators.java:1002)
at java.base/java.util.stream.ReferencePipeline.forEachWithCancel(ReferencePipeline.java:129)
at java.base/java.util.stream.AbstractPipeline.copyIntoWithCancel(AbstractPipeline.java:527)
at java.base/java.util.stream.AbstractPipeline.copyInto(AbstractPipeline.java:513)
at java.base/java.util.stream.AbstractPipeline.wrapAndCopyInto(AbstractPipeline.java:499)
at java.base/java.util.stream.FindOps$FindOp.evaluateSequential(FindOps.java:150)
at java.base/java.util.stream.AbstractPipeline.evaluate(AbstractPipeline.java:234)
at java.base/java.util.stream.ReferencePipeline.findFirst(ReferencePipeline.java:647)
at org.openqa.selenium.remote.ProtocolHandshake.createSession(ProtocolHandshake.java:126)
at org.openqa.selenium.remote.ProtocolHandshake.createSession(ProtocolHandshake.java:73)
at org.openqa.selenium.remote.HttpCommandExecutor.execute(HttpCommandExecutor.java:138)
at org.openqa.selenium.remote.RemoteWebDriver.execute(RemoteWebDriver.java:601)
at org.openqa.selenium.remote.RemoteWebDriver.startSession(RemoteWebDriver.java:219)
at org.openqa.selenium.remote.RemoteWebDriver.<init>(RemoteWebDriver.java:142)
at org.openqa.selenium.remote.RemoteWebDriver.<init>(RemoteWebDriver.java:155)
at com.nit.utils.BaseClass.openBrowser(BaseClass.java:89)
at java.base/java.util.ArrayList.forEach(ArrayList.java:1511)
... Removed 30 stack frames]]>
    </failure>
  </testcase> <!-- @BeforeClass openBrowser -->
  <testcase classname="com.nit.utils.BaseClass" name="@BeforeMethod navgateToURl" time="-1.72620999226E9">
    <skipped/>
  </testcase> <!-- @BeforeMethod navgateToURl -->
  <testcase classname="com.test.hrms.AddEmployee" name="@AfterMethod logout" time="-1.726209992297E9">
    <skipped/>
  </testcase> <!-- @AfterMethod logout -->
  <testcase classname="com.nit.utils.BaseClass" name="@AfterClass closeCurrentBrowser" time="-1.726209992308E9">
    <skipped/>
  </testcase> <!-- @AfterClass closeCurrentBrowser -->
  <testcase classname="com.test.hrms.LoginTest" name="login" time="9.024"/>
  <testcase classname="com.test.hrms.AddEmployee" name="addEmp" time="0.0">
    <skipped/>
  </testcase> <!-- addEmp -->
</testsuite> <!-- GroupTest -->
