<?xml version="1.0" encoding="UTF-8"?>
<testsuite xmlns:xsi="http://www.w3.org/2001/XMLSchema-instance" xsi:noNamespaceSchemaLocation="https://maven.apache.org/surefire/maven-surefire-plugin/xsd/surefire-test-report.xsd" version="3.0.2" name="TestSuite" time="188.723" tests="2" errors="0" skipped="0" failures="0">
  <properties>
[...]
</properties>
  <testcase name="login" classname="com.test.hrms.LoginTest" time="5.83">
    <system-out><![CDATA[local executed in Chrome Driver
we finding Dispaly Locatro
we are in the Login Page
we finding Dispaly Locatro
we are SuccesfULLY lOGIN
]]></system-out>
    <system-err><![CDATA[Starting ChromeDriver 129.0.6668.89 (951c0b97221f8d4ba37cf97d324505c832251cf9-refs/branch-heads/6668@{#1503}) on port 31324
Only local connections are allowed.
Please see https://chromedriver.chromium.org/security-considerations for suggestions on keeping ChromeDriver safe.
ChromeDriver was started successfully on port 31324.
Oct 04, 2024 12:42:45 PM org.openqa.selenium.remote.ProtocolHandshake createSession
INFO: Detected dialect: W3C
]]></system-err>
  </testcase>
  <testcase name="addEmp" classname="com.test.hrms.AddEmployee" time="138.14">
    <system-out><![CDATA[logoutSuccessFully
local executed in Chrome Driver
we finding Dispaly Locatro
we are in the Login Page
we finding Dispaly Locatro
we are SuccesfULLY lOGIN
we finding Dispaly Locatro
We are in PIM Module
we are click on addemployee
tadUn
KTIlv
we finding Dispaly Locatro
emp saved Successfully
]]></system-out>
    <system-err><![CDATA[[1728025979.439][SEVERE]: Unable to receive message from renderer
Starting ChromeDriver 129.0.6668.89 (951c0b97221f8d4ba37cf97d324505c832251cf9-refs/branch-heads/6668@{#1503}) on port 40930
Only local connections are allowed.
Please see https://chromedriver.chromium.org/security-considerations for suggestions on keeping ChromeDriver safe.
ChromeDriver was started successfully on port 40930.
Oct 04, 2024 12:43:04 PM org.openqa.selenium.remote.ProtocolHandshake createSession
INFO: Detected dialect: W3C
]]></system-err>
  </testcase>
</testsuite>